[ 2016-04-20T16:54:23+08:00 ] 127.0.0.1 /dlianb/index.php/Tasklist/tlist.html
INFO: [ app_begin ] --START--
INFO: Run Behavior\ReadHtmlCacheBehavior [ RunTime:0.000000s ]
INFO: Run Behavior\CheckLangBehavior [ RunTime:0.000000s ]
INFO: [ app_begin ] --END-- [ RunTime:0.015600s ]
SQL: SHOW COLUMNS FROM `dlianb_indent` [ RunTime:0.0000s ]
SQL: SELECT COUNT(*) AS tp_count FROM `dlianb_indent` LIMIT 1   [ RunTime:0.0000s ]
SQL: SELECT * FROM `dlianb_indent` INNER JOIN dlianb_area ON dlianb_indent.qid = dlianb_area.id  ORDER BY dlianb_area.id desc LIMIT 0,1   [ RunTime:0.0156s ]
NOTIC: [8] Undefined index: url D:\wamp\www\dlianb\application\Common\Controller\AppframeController.class.php 第 24 行.
NOTIC: [8] Undefined index: status D:\wamp\www\dlianb\application\Common\Controller\AppframeController.class.php 第 25 行.

[ 2016-04-20T16:54:27+08:00 ] 127.0.0.1 /dlianb/index.php/Tasklist/tlist.html
INFO: [ app_begin ] --START--
INFO: Run Behavior\ReadHtmlCacheBehavior [ RunTime:0.002000s ]
INFO: Run Behavior\CheckLangBehavior [ RunTime:0.001000s ]
INFO: [ app_begin ] --END-- [ RunTime:0.003000s ]
SQL: SHOW COLUMNS FROM `dlianb_indent` [ RunTime:0.0030s ]
SQL: SELECT COUNT(*) AS tp_count FROM `dlianb_indent` LIMIT 1   [ RunTime:0.0000s ]
SQL: SELECT * FROM `dlianb_indent` INNER JOIN dlianb_area ON dlianb_indent.qid = dlianb_area.id  ORDER BY dlianb_area.id desc LIMIT 0,1   [ RunTime:0.0040s ]
NOTIC: [8] Undefined index: url D:\wamp\www\dlianb\application\Common\Controller\AppframeController.class.php 第 24 行.
NOTIC: [8] Undefined index: status D:\wamp\www\dlianb\application\Common\Controller\AppframeController.class.php 第 25 行.

[ 2016-04-20T16:54:28+08:00 ] 127.0.0.1 /dlianb/index.php/Tasklist/tlist.html
INFO: [ app_begin ] --START--
INFO: Run Behavior\ReadHtmlCacheBehavior [ RunTime:0.000000s ]
INFO: Run Behavior\CheckLangBehavior [ RunTime:0.000000s ]
INFO: [ app_begin ] --END-- [ RunTime:0.000000s ]
SQL: SHOW COLUMNS FROM `dlianb_indent` [ RunTime:0.0156s ]
SQL: SELECT COUNT(*) AS tp_count FROM `dlianb_indent` LIMIT 1   [ RunTime:0.0000s ]
SQL: SELECT * FROM `dlianb_indent` INNER JOIN dlianb_area ON dlianb_indent.qid = dlianb_area.id  ORDER BY dlianb_area.id desc LIMIT 0,1   [ RunTime:0.0156s ]
NOTIC: [8] Undefined index: url D:\wamp\www\dlianb\application\Common\Controller\AppframeController.class.php 第 24 行.
NOTIC: [8] Undefined index: status D:\wamp\www\dlianb\application\Common\Controller\AppframeController.class.php 第 25 行.

[ 2016-04-20T16:54:29+08:00 ] 127.0.0.1 /dlianb/index.php/Tasklist/tlist.html
INFO: [ app_begin ] --START--
INFO: Run Behavior\ReadHtmlCacheBehavior [ RunTime:0.000000s ]
INFO: Run Behavior\CheckLangBehavior [ RunTime:0.000000s ]
INFO: [ app_begin ] --END-- [ RunTime:0.000000s ]
SQL: SHOW COLUMNS FROM `dlianb_indent` [ RunTime:0.0156s ]
SQL: SELECT COUNT(*) AS tp_count FROM `dlianb_indent` LIMIT 1   [ RunTime:0.0000s ]
SQL: SELECT * FROM `dlianb_indent` INNER JOIN dlianb_area ON dlianb_indent.qid = dlianb_area.id  ORDER BY dlianb_area.id desc LIMIT 0,1   [ RunTime:0.0000s ]
NOTIC: [8] Undefined index: url D:\wamp\www\dlianb\application\Common\Controller\AppframeController.class.php 第 24 行.
NOTIC: [8] Undefined index: status D:\wamp\www\dlianb\application\Common\Controller\AppframeController.class.php 第 25 行.

[ 2016-04-20T16:54:29+08:00 ] 127.0.0.1 /dlianb/index.php/Tasklist/tlist.html
INFO: [ app_begin ] --START--
INFO: Run Behavior\ReadHtmlCacheBehavior [ RunTime:0.000000s ]
INFO: Run Behavior\CheckLangBehavior [ RunTime:0.000000s ]
INFO: [ app_begin ] --END-- [ RunTime:0.000000s ]
SQL: SHOW COLUMNS FROM `dlianb_indent` [ RunTime:0.0000s ]
SQL: SELECT COUNT(*) AS tp_count FROM `dlianb_indent` LIMIT 1   [ RunTime:0.0000s ]
SQL: SELECT * FROM `dlianb_indent` INNER JOIN dlianb_area ON dlianb_indent.qid = dlianb_area.id  ORDER BY dlianb_area.id desc LIMIT 0,1   [ RunTime:0.0000s ]
NOTIC: [8] Undefined index: url D:\wamp\www\dlianb\application\Common\Controller\AppframeController.class.php 第 24 行.
NOTIC: [8] Undefined index: status D:\wamp\www\dlianb\application\Common\Controller\AppframeController.class.php 第 25 行.

[ 2016-04-20T16:55:30+08:00 ] 127.0.0.1 /dlianb/index.php/Tasklist/tlist.html
INFO: [ app_begin ] --START--
INFO: Run Behavior\ReadHtmlCacheBehavior [ RunTime:0.001000s ]
INFO: Run Behavior\CheckLangBehavior [ RunTime:0.002000s ]
INFO: [ app_begin ] --END-- [ RunTime:0.004000s ]
SQL: SHOW COLUMNS FROM `dlianb_indent` [ RunTime:0.0000s ]
SQL: SELECT COUNT(*) AS tp_count FROM `dlianb_indent` LIMIT 1   [ RunTime:0.0000s ]
SQL: SELECT * FROM `dlianb_indent` INNER JOIN dlianb_area ON dlianb_indent.qid = dlianb_area.id  ORDER BY dlianb_area.id desc LIMIT 0,1   [ RunTime:0.0000s ]
NOTIC: [8] Undefined index: url D:\wamp\www\dlianb\application\Common\Controller\AppframeController.class.php 第 24 行.
NOTIC: [8] Undefined index: status D:\wamp\www\dlianb\application\Common\Controller\AppframeController.class.php 第 25 行.

[ 2016-04-20T16:55:33+08:00 ] 127.0.0.1 /dlianb/index.php/Tasklist/tlist.html
INFO: [ app_begin ] --START--
INFO: Run Behavior\ReadHtmlCacheBehavior [ RunTime:0.000000s ]
INFO: Run Behavior\CheckLangBehavior [ RunTime:0.000000s ]
INFO: [ app_begin ] --END-- [ RunTime:0.000000s ]
SQL: SHOW COLUMNS FROM `dlianb_indent` [ RunTime:0.0000s ]
SQL: SELECT COUNT(*) AS tp_count FROM `dlianb_indent` LIMIT 1   [ RunTime:0.0000s ]
SQL: SELECT * FROM `dlianb_indent` INNER JOIN dlianb_area ON dlianb_indent.qid = dlianb_area.id  ORDER BY dlianb_area.id desc LIMIT 0,1   [ RunTime:0.0000s ]
NOTIC: [8] Undefined index: url D:\wamp\www\dlianb\application\Common\Controller\AppframeController.class.php 第 24 行.
NOTIC: [8] Undefined index: status D:\wamp\www\dlianb\application\Common\Controller\AppframeController.class.php 第 25 行.

[ 2016-04-20T16:55:33+08:00 ] 127.0.0.1 /dlianb/index.php/Tasklist/tlist.html
INFO: [ app_begin ] --START--
INFO: Run Behavior\ReadHtmlCacheBehavior [ RunTime:0.000000s ]
INFO: Run Behavior\CheckLangBehavior [ RunTime:0.000000s ]
INFO: [ app_begin ] --END-- [ RunTime:0.000000s ]
SQL: SHOW COLUMNS FROM `dlianb_indent` [ RunTime:0.0000s ]
SQL: SELECT COUNT(*) AS tp_count FROM `dlianb_indent` LIMIT 1   [ RunTime:0.0000s ]
SQL: SELECT * FROM `dlianb_indent` INNER JOIN dlianb_area ON dlianb_indent.qid = dlianb_area.id  ORDER BY dlianb_area.id desc LIMIT 0,1   [ RunTime:0.0156s ]
NOTIC: [8] Undefined index: url D:\wamp\www\dlianb\application\Common\Controller\AppframeController.class.php 第 24 行.
NOTIC: [8] Undefined index: status D:\wamp\www\dlianb\application\Common\Controller\AppframeController.class.php 第 25 行.

[ 2016-04-20T16:55:36+08:00 ] 127.0.0.1 /dlianb/index.php/Tasklist/tlist.html
INFO: [ app_begin ] --START--
INFO: Run Behavior\ReadHtmlCacheBehavior [ RunTime:0.000000s ]
INFO: Run Behavior\CheckLangBehavior [ RunTime:0.000000s ]
INFO: [ app_begin ] --END-- [ RunTime:0.000000s ]
SQL: SHOW COLUMNS FROM `dlianb_indent` [ RunTime:0.0000s ]
SQL: SELECT COUNT(*) AS tp_count FROM `dlianb_indent` LIMIT 1   [ RunTime:0.0000s ]
SQL: SELECT * FROM `dlianb_indent` INNER JOIN dlianb_area ON dlianb_indent.qid = dlianb_area.id  ORDER BY dlianb_area.id desc LIMIT 0,1   [ RunTime:0.0000s ]
NOTIC: [8] Undefined index: url D:\wamp\www\dlianb\application\Common\Controller\AppframeController.class.php 第 24 行.
NOTIC: [8] Undefined index: status D:\wamp\www\dlianb\application\Common\Controller\AppframeController.class.php 第 25 行.

[ 2016-04-20T16:55:47+08:00 ] 127.0.0.1 /dlianb/index.php/Tasklist/tlist.html
INFO: [ app_begin ] --START--
INFO: Run Behavior\ReadHtmlCacheBehavior [ RunTime:0.001000s ]
INFO: Run Behavior\CheckLangBehavior [ RunTime:0.001001s ]
INFO: [ app_begin ] --END-- [ RunTime:0.002001s ]
SQL: SHOW COLUMNS FROM `dlianb_indent` [ RunTime:0.0030s ]
SQL: SELECT COUNT(*) AS tp_count FROM `dlianb_indent` LIMIT 1   [ RunTime:0.0000s ]
SQL: SELECT * FROM `dlianb_indent` INNER JOIN dlianb_area ON dlianb_indent.qid = dlianb_area.id  ORDER BY dlianb_area.id desc LIMIT 0,1   [ RunTime:0.0020s ]
NOTIC: [8] Undefined index: url D:\wamp\www\dlianb\application\Common\Controller\AppframeController.class.php 第 24 行.
NOTIC: [8] Undefined index: status D:\wamp\www\dlianb\application\Common\Controller\AppframeController.class.php 第 25 行.

[ 2016-04-20T16:55:48+08:00 ] 127.0.0.1 /dlianb/index.php/Tasklist/tlist.html
INFO: [ app_begin ] --START--
INFO: Run Behavior\ReadHtmlCacheBehavior [ RunTime:0.015600s ]
INFO: Run Behavior\CheckLangBehavior [ RunTime:0.000000s ]
INFO: [ app_begin ] --END-- [ RunTime:0.015600s ]
SQL: SHOW COLUMNS FROM `dlianb_indent` [ RunTime:0.0156s ]
SQL: SELECT COUNT(*) AS tp_count FROM `dlianb_indent` LIMIT 1   [ RunTime:0.0000s ]
SQL: SELECT * FROM `dlianb_indent` INNER JOIN dlianb_area ON dlianb_indent.qid = dlianb_area.id  ORDER BY dlianb_area.id desc LIMIT 0,1   [ RunTime:0.0000s ]
NOTIC: [8] Undefined index: url D:\wamp\www\dlianb\application\Common\Controller\AppframeController.class.php 第 24 行.
NOTIC: [8] Undefined index: status D:\wamp\www\dlianb\application\Common\Controller\AppframeController.class.php 第 25 行.

[ 2016-04-20T16:55:48+08:00 ] 127.0.0.1 /dlianb/index.php/Tasklist/tlist.html
INFO: [ app_begin ] --START--
INFO: Run Behavior\ReadHtmlCacheBehavior [ RunTime:0.000000s ]
INFO: Run Behavior\CheckLangBehavior [ RunTime:0.000000s ]
INFO: [ app_begin ] --END-- [ RunTime:0.000000s ]
SQL: SHOW COLUMNS FROM `dlianb_indent` [ RunTime:0.0156s ]
SQL: SELECT COUNT(*) AS tp_count FROM `dlianb_indent` LIMIT 1   [ RunTime:0.0000s ]
SQL: SELECT * FROM `dlianb_indent` INNER JOIN dlianb_area ON dlianb_indent.qid = dlianb_area.id  ORDER BY dlianb_area.id desc LIMIT 0,1   [ RunTime:0.0000s ]
NOTIC: [8] Undefined index: url D:\wamp\www\dlianb\application\Common\Controller\AppframeController.class.php 第 24 行.
NOTIC: [8] Undefined index: status D:\wamp\www\dlianb\application\Common\Controller\AppframeController.class.php 第 25 行.

[ 2016-04-20T16:55:49+08:00 ] 127.0.0.1 /dlianb/index.php/Tasklist/tlist.html
INFO: [ app_begin ] --START--
INFO: Run Behavior\ReadHtmlCacheBehavior [ RunTime:0.000000s ]
INFO: Run Behavior\CheckLangBehavior [ RunTime:0.015600s ]
INFO: [ app_begin ] --END-- [ RunTime:0.015600s ]
SQL: SHOW COLUMNS FROM `dlianb_indent` [ RunTime:0.0000s ]
SQL: SELECT COUNT(*) AS tp_count FROM `dlianb_indent` LIMIT 1   [ RunTime:0.0000s ]
SQL: SELECT * FROM `dlianb_indent` INNER JOIN dlianb_area ON dlianb_indent.qid = dlianb_area.id  ORDER BY dlianb_area.id desc LIMIT 0,1   [ RunTime:0.0156s ]
NOTIC: [8] Undefined index: url D:\wamp\www\dlianb\application\Common\Controller\AppframeController.class.php 第 24 行.
NOTIC: [8] Undefined index: status D:\wamp\www\dlianb\application\Common\Controller\AppframeController.class.php 第 25 行.

[ 2016-04-20T16:55:50+08:00 ] 127.0.0.1 /dlianb/index.php/Tasklist/tlist.html
INFO: [ app_begin ] --START--
INFO: Run Behavior\ReadHtmlCacheBehavior [ RunTime:0.000000s ]
INFO: Run Behavior\CheckLangBehavior [ RunTime:0.000000s ]
INFO: [ app_begin ] --END-- [ RunTime:0.000000s ]
SQL: SHOW COLUMNS FROM `dlianb_indent` [ RunTime:0.0000s ]
SQL: SELECT COUNT(*) AS tp_count FROM `dlianb_indent` LIMIT 1   [ RunTime:0.0000s ]
SQL: SELECT * FROM `dlianb_indent` INNER JOIN dlianb_area ON dlianb_indent.qid = dlianb_area.id  ORDER BY dlianb_area.id desc LIMIT 0,1   [ RunTime:0.0000s ]
NOTIC: [8] Undefined index: url D:\wamp\www\dlianb\application\Common\Controller\AppframeController.class.php 第 24 行.
NOTIC: [8] Undefined index: status D:\wamp\www\dlianb\application\Common\Controller\AppframeController.class.php 第 25 行.

[ 2016-04-20T16:55:50+08:00 ] 127.0.0.1 /dlianb/index.php/Tasklist/tlist.html
INFO: [ app_begin ] --START--
INFO: Run Behavior\ReadHtmlCacheBehavior [ RunTime:0.000000s ]
INFO: Run Behavior\CheckLangBehavior [ RunTime:0.000000s ]
INFO: [ app_begin ] --END-- [ RunTime:0.000000s ]
SQL: SHOW COLUMNS FROM `dlianb_indent` [ RunTime:0.0000s ]
SQL: SELECT COUNT(*) AS tp_count FROM `dlianb_indent` LIMIT 1   [ RunTime:0.0000s ]
SQL: SELECT * FROM `dlianb_indent` INNER JOIN dlianb_area ON dlianb_indent.qid = dlianb_area.id  ORDER BY dlianb_area.id desc LIMIT 0,1   [ RunTime:0.0000s ]
NOTIC: [8] Undefined index: url D:\wamp\www\dlianb\application\Common\Controller\AppframeController.class.php 第 24 行.
NOTIC: [8] Undefined index: status D:\wamp\www\dlianb\application\Common\Controller\AppframeController.class.php 第 25 行.

[ 2016-04-20T17:03:50+08:00 ] 127.0.0.1 /dlianb/index.php/Tasklist/tlist.html
INFO: [ app_begin ] --START--
INFO: Run Behavior\ReadHtmlCacheBehavior [ RunTime:0.000000s ]
INFO: Run Behavior\CheckLangBehavior [ RunTime:0.000000s ]
INFO: [ app_begin ] --END-- [ RunTime:0.000000s ]
SQL: SHOW COLUMNS FROM `dlianb_indent` [ RunTime:0.0156s ]
SQL: SELECT COUNT(*) AS tp_count FROM `dlianb_indent` LIMIT 1   [ RunTime:0.0000s ]
SQL: SELECT * FROM `dlianb_indent` INNER JOIN dlianb_area ON dlianb_indent.qid = dlianb_area.id  ORDER BY dlianb_area.id desc LIMIT 0,1   [ RunTime:0.0000s ]
NOTIC: [8] Undefined index: url D:\wamp\www\dlianb\application\Common\Controller\AppframeController.class.php 第 24 行.
NOTIC: [8] Undefined index: status D:\wamp\www\dlianb\application\Common\Controller\AppframeController.class.php 第 25 行.

[ 2016-04-20T17:03:51+08:00 ] 127.0.0.1 /dlianb/index.php/Tasklist/tlist.html
INFO: [ app_begin ] --START--
INFO: Run Behavior\ReadHtmlCacheBehavior [ RunTime:0.000000s ]
INFO: Run Behavior\CheckLangBehavior [ RunTime:0.000000s ]
INFO: [ app_begin ] --END-- [ RunTime:0.000000s ]
SQL: SHOW COLUMNS FROM `dlianb_indent` [ RunTime:0.0000s ]
SQL: SELECT COUNT(*) AS tp_count FROM `dlianb_indent` LIMIT 1   [ RunTime:0.0000s ]
SQL: SELECT * FROM `dlianb_indent` INNER JOIN dlianb_area ON dlianb_indent.qid = dlianb_area.id  ORDER BY dlianb_area.id desc LIMIT 0,1   [ RunTime:0.0000s ]
NOTIC: [8] Undefined index: url D:\wamp\www\dlianb\application\Common\Controller\AppframeController.class.php 第 24 行.
NOTIC: [8] Undefined index: status D:\wamp\www\dlianb\application\Common\Controller\AppframeController.class.php 第 25 行.

[ 2016-04-20T17:03:53+08:00 ] 127.0.0.1 /dlianb/index.php/Tasklist/tlist.html
INFO: [ app_begin ] --START--
INFO: Run Behavior\ReadHtmlCacheBehavior [ RunTime:0.000000s ]
INFO: Run Behavior\CheckLangBehavior [ RunTime:0.000000s ]
INFO: [ app_begin ] --END-- [ RunTime:0.000000s ]
SQL: SHOW COLUMNS FROM `dlianb_indent` [ RunTime:0.0000s ]
SQL: SELECT COUNT(*) AS tp_count FROM `dlianb_indent` LIMIT 1   [ RunTime:0.0000s ]
SQL: SELECT * FROM `dlianb_indent` INNER JOIN dlianb_area ON dlianb_indent.qid = dlianb_area.id  ORDER BY dlianb_area.id desc LIMIT 0,1   [ RunTime:0.0000s ]
NOTIC: [8] Undefined index: url D:\wamp\www\dlianb\application\Common\Controller\AppframeController.class.php 第 24 行.
NOTIC: [8] Undefined index: status D:\wamp\www\dlianb\application\Common\Controller\AppframeController.class.php 第 25 行.

[ 2016-04-20T17:03:54+08:00 ] 127.0.0.1 /dlianb/index.php/Tasklist/tlist.html
INFO: [ app_begin ] --START--
INFO: Run Behavior\ReadHtmlCacheBehavior [ RunTime:0.000000s ]
INFO: Run Behavior\CheckLangBehavior [ RunTime:0.015600s ]
INFO: [ app_begin ] --END-- [ RunTime:0.015600s ]
SQL: SHOW COLUMNS FROM `dlianb_indent` [ RunTime:0.0156s ]
SQL: SELECT COUNT(*) AS tp_count FROM `dlianb_indent` LIMIT 1   [ RunTime:0.0000s ]
SQL: SELECT * FROM `dlianb_indent` INNER JOIN dlianb_area ON dlianb_indent.qid = dlianb_area.id  ORDER BY dlianb_area.id desc LIMIT 0,1   [ RunTime:0.0000s ]
NOTIC: [8] Undefined index: url D:\wamp\www\dlianb\application\Common\Controller\AppframeController.class.php 第 24 行.
NOTIC: [8] Undefined index: status D:\wamp\www\dlianb\application\Common\Controller\AppframeController.class.php 第 25 行.

[ 2016-04-20T17:03:54+08:00 ] 127.0.0.1 /dlianb/index.php/Tasklist/tlist.html
INFO: [ app_begin ] --START--
INFO: Run Behavior\ReadHtmlCacheBehavior [ RunTime:0.000000s ]
INFO: Run Behavior\CheckLangBehavior [ RunTime:0.000000s ]
INFO: [ app_begin ] --END-- [ RunTime:0.000000s ]
SQL: SHOW COLUMNS FROM `dlianb_indent` [ RunTime:0.0000s ]
SQL: SELECT COUNT(*) AS tp_count FROM `dlianb_indent` LIMIT 1   [ RunTime:0.0000s ]
SQL: SELECT * FROM `dlianb_indent` INNER JOIN dlianb_area ON dlianb_indent.qid = dlianb_area.id  ORDER BY dlianb_area.id desc LIMIT 0,1   [ RunTime:0.0000s ]
NOTIC: [8] Undefined index: url D:\wamp\www\dlianb\application\Common\Controller\AppframeController.class.php 第 24 行.
NOTIC: [8] Undefined index: status D:\wamp\www\dlianb\application\Common\Controller\AppframeController.class.php 第 25 行.

[ 2016-04-20T17:03:55+08:00 ] 127.0.0.1 /dlianb/index.php/Tasklist/tlist.html
INFO: [ app_begin ] --START--
INFO: Run Behavior\ReadHtmlCacheBehavior [ RunTime:0.000000s ]
INFO: Run Behavior\CheckLangBehavior [ RunTime:0.000000s ]
INFO: [ app_begin ] --END-- [ RunTime:0.000000s ]
SQL: SHOW COLUMNS FROM `dlianb_indent` [ RunTime:0.0000s ]
SQL: SELECT COUNT(*) AS tp_count FROM `dlianb_indent` LIMIT 1   [ RunTime:0.0000s ]
SQL: SELECT * FROM `dlianb_indent` INNER JOIN dlianb_area ON dlianb_indent.qid = dlianb_area.id  ORDER BY dlianb_area.id desc LIMIT 0,1   [ RunTime:0.0000s ]
NOTIC: [8] Undefined index: url D:\wamp\www\dlianb\application\Common\Controller\AppframeController.class.php 第 24 行.
NOTIC: [8] Undefined index: status D:\wamp\www\dlianb\application\Common\Controller\AppframeController.class.php 第 25 行.

[ 2016-04-20T17:03:56+08:00 ] 127.0.0.1 /dlianb/index.php/Tasklist/tlist.html
INFO: [ app_begin ] --START--
INFO: Run Behavior\ReadHtmlCacheBehavior [ RunTime:0.000000s ]
INFO: Run Behavior\CheckLangBehavior [ RunTime:0.000000s ]
INFO: [ app_begin ] --END-- [ RunTime:0.000000s ]
SQL: SHOW COLUMNS FROM `dlianb_indent` [ RunTime:0.0000s ]
SQL: SELECT COUNT(*) AS tp_count FROM `dlianb_indent` LIMIT 1   [ RunTime:0.0000s ]
SQL: SELECT * FROM `dlianb_indent` INNER JOIN dlianb_area ON dlianb_indent.qid = dlianb_area.id  ORDER BY dlianb_area.id desc LIMIT 0,1   [ RunTime:0.0000s ]
NOTIC: [8] Undefined index: url D:\wamp\www\dlianb\application\Common\Controller\AppframeController.class.php 第 24 行.
NOTIC: [8] Undefined index: status D:\wamp\www\dlianb\application\Common\Controller\AppframeController.class.php 第 25 行.

[ 2016-04-20T17:03:56+08:00 ] 127.0.0.1 /dlianb/index.php/Tasklist/tlist.html
INFO: [ app_begin ] --START--
INFO: Run Behavior\ReadHtmlCacheBehavior [ RunTime:0.015600s ]
INFO: Run Behavior\CheckLangBehavior [ RunTime:0.000000s ]
INFO: [ app_begin ] --END-- [ RunTime:0.015600s ]
SQL: SHOW COLUMNS FROM `dlianb_indent` [ RunTime:0.0156s ]
SQL: SELECT COUNT(*) AS tp_count FROM `dlianb_indent` LIMIT 1   [ RunTime:0.0000s ]
SQL: SELECT * FROM `dlianb_indent` INNER JOIN dlianb_area ON dlianb_indent.qid = dlianb_area.id  ORDER BY dlianb_area.id desc LIMIT 0,1   [ RunTime:0.0000s ]
NOTIC: [8] Undefined index: url D:\wamp\www\dlianb\application\Common\Controller\AppframeController.class.php 第 24 行.
NOTIC: [8] Undefined index: status D:\wamp\www\dlianb\application\Common\Controller\AppframeController.class.php 第 25 行.

[ 2016-04-20T17:03:57+08:00 ] 127.0.0.1 /dlianb/index.php/Tasklist/tlist.html
INFO: [ app_begin ] --START--
INFO: Run Behavior\ReadHtmlCacheBehavior [ RunTime:0.000000s ]
INFO: Run Behavior\CheckLangBehavior [ RunTime:0.000000s ]
INFO: [ app_begin ] --END-- [ RunTime:0.000000s ]
SQL: SHOW COLUMNS FROM `dlianb_indent` [ RunTime:0.0000s ]
SQL: SELECT COUNT(*) AS tp_count FROM `dlianb_indent` LIMIT 1   [ RunTime:0.0000s ]
SQL: SELECT * FROM `dlianb_indent` INNER JOIN dlianb_area ON dlianb_indent.qid = dlianb_area.id  ORDER BY dlianb_area.id desc LIMIT 0,1   [ RunTime:0.0000s ]
NOTIC: [8] Undefined index: url D:\wamp\www\dlianb\application\Common\Controller\AppframeController.class.php 第 24 行.
NOTIC: [8] Undefined index: status D:\wamp\www\dlianb\application\Common\Controller\AppframeController.class.php 第 25 行.

[ 2016-04-20T17:03:58+08:00 ] 127.0.0.1 /dlianb/index.php/Tasklist/tlist.html
INFO: [ app_begin ] --START--
INFO: Run Behavior\ReadHtmlCacheBehavior [ RunTime:0.000000s ]
INFO: Run Behavior\CheckLangBehavior [ RunTime:0.015600s ]
INFO: [ app_begin ] --END-- [ RunTime:0.015600s ]
SQL: SHOW COLUMNS FROM `dlianb_indent` [ RunTime:0.0000s ]
SQL: SELECT COUNT(*) AS tp_count FROM `dlianb_indent` LIMIT 1   [ RunTime:0.0000s ]
SQL: SELECT * FROM `dlianb_indent` INNER JOIN dlianb_area ON dlianb_indent.qid = dlianb_area.id  ORDER BY dlianb_area.id desc LIMIT 0,1   [ RunTime:0.0156s ]
NOTIC: [8] Undefined index: url D:\wamp\www\dlianb\application\Common\Controller\AppframeController.class.php 第 24 行.
NOTIC: [8] Undefined index: status D:\wamp\www\dlianb\application\Common\Controller\AppframeController.class.php 第 25 行.

[ 2016-04-20T17:03:59+08:00 ] 127.0.0.1 /dlianb/index.php/Tasklist/tlist.html
INFO: [ app_begin ] --START--
INFO: Run Behavior\ReadHtmlCacheBehavior [ RunTime:0.000000s ]
INFO: Run Behavior\CheckLangBehavior [ RunTime:0.000000s ]
INFO: [ app_begin ] --END-- [ RunTime:0.000000s ]
SQL: SHOW COLUMNS FROM `dlianb_indent` [ RunTime:0.0000s ]
SQL: SELECT COUNT(*) AS tp_count FROM `dlianb_indent` LIMIT 1   [ RunTime:0.0000s ]
SQL: SELECT * FROM `dlianb_indent` INNER JOIN dlianb_area ON dlianb_indent.qid = dlianb_area.id  ORDER BY dlianb_area.id desc LIMIT 0,1   [ RunTime:0.0000s ]
NOTIC: [8] Undefined index: url D:\wamp\www\dlianb\application\Common\Controller\AppframeController.class.php 第 24 行.
NOTIC: [8] Undefined index: status D:\wamp\www\dlianb\application\Common\Controller\AppframeController.class.php 第 25 行.

[ 2016-04-20T17:04:00+08:00 ] 127.0.0.1 /dlianb/index.php/Tasklist/tlist.html
INFO: [ app_begin ] --START--
INFO: Run Behavior\ReadHtmlCacheBehavior [ RunTime:0.000000s ]
INFO: Run Behavior\CheckLangBehavior [ RunTime:0.000000s ]
INFO: [ app_begin ] --END-- [ RunTime:0.000000s ]
SQL: SHOW COLUMNS FROM `dlianb_indent` [ RunTime:0.0156s ]
SQL: SELECT COUNT(*) AS tp_count FROM `dlianb_indent` LIMIT 1   [ RunTime:0.0000s ]
SQL: SELECT * FROM `dlianb_indent` INNER JOIN dlianb_area ON dlianb_indent.qid = dlianb_area.id  ORDER BY dlianb_area.id desc LIMIT 0,1   [ RunTime:0.0000s ]
NOTIC: [8] Undefined index: url D:\wamp\www\dlianb\application\Common\Controller\AppframeController.class.php 第 24 行.
NOTIC: [8] Undefined index: status D:\wamp\www\dlianb\application\Common\Controller\AppframeController.class.php 第 25 行.

[ 2016-04-20T17:04:00+08:00 ] 127.0.0.1 /dlianb/index.php/Tasklist/tlist.html
INFO: [ app_begin ] --START--
INFO: Run Behavior\ReadHtmlCacheBehavior [ RunTime:0.000000s ]
INFO: Run Behavior\CheckLangBehavior [ RunTime:0.000000s ]
INFO: [ app_begin ] --END-- [ RunTime:0.000000s ]
SQL: SHOW COLUMNS FROM `dlianb_indent` [ RunTime:0.0000s ]
SQL: SELECT COUNT(*) AS tp_count FROM `dlianb_indent` LIMIT 1   [ RunTime:0.0000s ]
SQL: SELECT * FROM `dlianb_indent` INNER JOIN dlianb_area ON dlianb_indent.qid = dlianb_area.id  ORDER BY dlianb_area.id desc LIMIT 0,1   [ RunTime:0.0000s ]
NOTIC: [8] Undefined index: url D:\wamp\www\dlianb\application\Common\Controller\AppframeController.class.php 第 24 行.
NOTIC: [8] Undefined index: status D:\wamp\www\dlianb\application\Common\Controller\AppframeController.class.php 第 25 行.

[ 2016-04-20T17:04:01+08:00 ] 127.0.0.1 /dlianb/index.php/Tasklist/tlist.html
INFO: [ app_begin ] --START--
INFO: Run Behavior\ReadHtmlCacheBehavior [ RunTime:0.000000s ]
INFO: Run Behavior\CheckLangBehavior [ RunTime:0.015600s ]
INFO: [ app_begin ] --END-- [ RunTime:0.015600s ]
SQL: SHOW COLUMNS FROM `dlianb_indent` [ RunTime:0.0156s ]
SQL: SELECT COUNT(*) AS tp_count FROM `dlianb_indent` LIMIT 1   [ RunTime:0.0000s ]
SQL: SELECT * FROM `dlianb_indent` INNER JOIN dlianb_area ON dlianb_indent.qid = dlianb_area.id  ORDER BY dlianb_area.id desc LIMIT 0,1   [ RunTime:0.0000s ]
NOTIC: [8] Undefined index: url D:\wamp\www\dlianb\application\Common\Controller\AppframeController.class.php 第 24 行.
NOTIC: [8] Undefined index: status D:\wamp\www\dlianb\application\Common\Controller\AppframeController.class.php 第 25 行.

[ 2016-04-20T17:04:02+08:00 ] 127.0.0.1 /dlianb/index.php/Tasklist/tlist.html
INFO: [ app_begin ] --START--
INFO: Run Behavior\ReadHtmlCacheBehavior [ RunTime:0.000000s ]
INFO: Run Behavior\CheckLangBehavior [ RunTime:0.000000s ]
INFO: [ app_begin ] --END-- [ RunTime:0.000000s ]
SQL: SHOW COLUMNS FROM `dlianb_indent` [ RunTime:0.0000s ]
SQL: SELECT COUNT(*) AS tp_count FROM `dlianb_indent` LIMIT 1   [ RunTime:0.0000s ]
SQL: SELECT * FROM `dlianb_indent` INNER JOIN dlianb_area ON dlianb_indent.qid = dlianb_area.id  ORDER BY dlianb_area.id desc LIMIT 0,1   [ RunTime:0.0000s ]
NOTIC: [8] Undefined index: url D:\wamp\www\dlianb\application\Common\Controller\AppframeController.class.php 第 24 行.
NOTIC: [8] Undefined index: status D:\wamp\www\dlianb\application\Common\Controller\AppframeController.class.php 第 25 行.

[ 2016-04-20T17:04:03+08:00 ] 127.0.0.1 /dlianb/index.php/Tasklist/tlist.html
INFO: [ app_begin ] --START--
INFO: Run Behavior\ReadHtmlCacheBehavior [ RunTime:0.015600s ]
INFO: Run Behavior\CheckLangBehavior [ RunTime:0.000000s ]
INFO: [ app_begin ] --END-- [ RunTime:0.015600s ]
SQL: SHOW COLUMNS FROM `dlianb_indent` [ RunTime:0.0000s ]
SQL: SELECT COUNT(*) AS tp_count FROM `dlianb_indent` LIMIT 1   [ RunTime:0.0000s ]
SQL: SELECT * FROM `dlianb_indent` INNER JOIN dlianb_area ON dlianb_indent.qid = dlianb_area.id  ORDER BY dlianb_area.id desc LIMIT 0,1   [ RunTime:0.0000s ]
NOTIC: [8] Undefined index: url D:\wamp\www\dlianb\application\Common\Controller\AppframeController.class.php 第 24 行.
NOTIC: [8] Undefined index: status D:\wamp\www\dlianb\application\Common\Controller\AppframeController.class.php 第 25 行.

[ 2016-04-20T17:04:06+08:00 ] 127.0.0.1 /dlianb/index.php/Tasklist/tlist.html
INFO: [ app_begin ] --START--
INFO: Run Behavior\ReadHtmlCacheBehavior [ RunTime:0.000000s ]
INFO: Run Behavior\CheckLangBehavior [ RunTime:0.000000s ]
INFO: [ app_begin ] --END-- [ RunTime:0.000000s ]
SQL: SHOW COLUMNS FROM `dlianb_indent` [ RunTime:0.0156s ]
SQL: SELECT COUNT(*) AS tp_count FROM `dlianb_indent` LIMIT 1   [ RunTime:0.0000s ]
SQL: SELECT * FROM `dlianb_indent` INNER JOIN dlianb_area ON dlianb_indent.qid = dlianb_area.id  ORDER BY dlianb_area.id desc LIMIT 0,1   [ RunTime:0.0000s ]
NOTIC: [8] Undefined index: url D:\wamp\www\dlianb\application\Common\Controller\AppframeController.class.php 第 24 行.
NOTIC: [8] Undefined index: status D:\wamp\www\dlianb\application\Common\Controller\AppframeController.class.php 第 25 行.

[ 2016-04-20T17:09:08+08:00 ] 127.0.0.1 /dlianb/index.php/Tasklist/tlist.html
INFO: [ app_begin ] --START--
INFO: Run Behavior\ReadHtmlCacheBehavior [ RunTime:0.001000s ]
INFO: Run Behavior\CheckLangBehavior [ RunTime:0.002000s ]
INFO: [ app_begin ] --END-- [ RunTime:0.003000s ]
SQL: SHOW COLUMNS FROM `dlianb_indent` [ RunTime:0.0000s ]
SQL: SELECT COUNT(*) AS tp_count FROM `dlianb_indent` LIMIT 1   [ RunTime:0.0000s ]
SQL: SELECT * FROM `dlianb_indent` INNER JOIN dlianb_area ON dlianb_indent.qid = dlianb_area.id  ORDER BY dlianb_area.id desc LIMIT 0,1   [ RunTime:0.0000s ]
NOTIC: [8] Undefined index: url D:\wamp\www\dlianb\application\Common\Controller\AppframeController.class.php 第 24 行.
NOTIC: [8] Undefined index: status D:\wamp\www\dlianb\application\Common\Controller\AppframeController.class.php 第 25 行.

[ 2016-04-20T17:09:09+08:00 ] 127.0.0.1 /dlianb/index.php/Tasklist/tlist.html
INFO: [ app_begin ] --START--
INFO: Run Behavior\ReadHtmlCacheBehavior [ RunTime:0.000000s ]
INFO: Run Behavior\CheckLangBehavior [ RunTime:0.000000s ]
INFO: [ app_begin ] --END-- [ RunTime:0.000000s ]
SQL: SHOW COLUMNS FROM `dlianb_indent` [ RunTime:0.0000s ]
SQL: SELECT COUNT(*) AS tp_count FROM `dlianb_indent` LIMIT 1   [ RunTime:0.0000s ]
SQL: SELECT * FROM `dlianb_indent` INNER JOIN dlianb_area ON dlianb_indent.qid = dlianb_area.id  ORDER BY dlianb_area.id desc LIMIT 0,1   [ RunTime:0.0000s ]
NOTIC: [8] Undefined index: url D:\wamp\www\dlianb\application\Common\Controller\AppframeController.class.php 第 24 行.
NOTIC: [8] Undefined index: status D:\wamp\www\dlianb\application\Common\Controller\AppframeController.class.php 第 25 行.

[ 2016-04-20T17:09:09+08:00 ] 127.0.0.1 /dlianb/index.php/Tasklist/tlist.html
INFO: [ app_begin ] --START--
INFO: Run Behavior\ReadHtmlCacheBehavior [ RunTime:0.000000s ]
INFO: Run Behavior\CheckLangBehavior [ RunTime:0.000000s ]
INFO: [ app_begin ] --END-- [ RunTime:0.000000s ]
SQL: SHOW COLUMNS FROM `dlianb_indent` [ RunTime:0.0000s ]
SQL: SELECT COUNT(*) AS tp_count FROM `dlianb_indent` LIMIT 1   [ RunTime:0.0000s ]
SQL: SELECT * FROM `dlianb_indent` INNER JOIN dlianb_area ON dlianb_indent.qid = dlianb_area.id  ORDER BY dlianb_area.id desc LIMIT 0,1   [ RunTime:0.0000s ]
NOTIC: [8] Undefined index: url D:\wamp\www\dlianb\application\Common\Controller\AppframeController.class.php 第 24 行.
NOTIC: [8] Undefined index: status D:\wamp\www\dlianb\application\Common\Controller\AppframeController.class.php 第 25 行.

[ 2016-04-20T17:09:10+08:00 ] 127.0.0.1 /dlianb/index.php/Tasklist/tlist.html
INFO: [ app_begin ] --START--
INFO: Run Behavior\ReadHtmlCacheBehavior [ RunTime:0.000000s ]
INFO: Run Behavior\CheckLangBehavior [ RunTime:0.000000s ]
INFO: [ app_begin ] --END-- [ RunTime:0.015600s ]
SQL: SHOW COLUMNS FROM `dlianb_indent` [ RunTime:0.0000s ]
SQL: SELECT COUNT(*) AS tp_count FROM `dlianb_indent` LIMIT 1   [ RunTime:0.0000s ]
SQL: SELECT * FROM `dlianb_indent` INNER JOIN dlianb_area ON dlianb_indent.qid = dlianb_area.id  ORDER BY dlianb_area.id desc LIMIT 0,1   [ RunTime:0.0000s ]
NOTIC: [8] Undefined index: url D:\wamp\www\dlianb\application\Common\Controller\AppframeController.class.php 第 24 行.
NOTIC: [8] Undefined index: status D:\wamp\www\dlianb\application\Common\Controller\AppframeController.class.php 第 25 行.

[ 2016-04-20T17:09:10+08:00 ] 127.0.0.1 /dlianb/index.php/Tasklist/tlist.html
INFO: [ app_begin ] --START--
INFO: Run Behavior\ReadHtmlCacheBehavior [ RunTime:0.000000s ]
INFO: Run Behavior\CheckLangBehavior [ RunTime:0.000000s ]
INFO: [ app_begin ] --END-- [ RunTime:0.000000s ]
SQL: SHOW COLUMNS FROM `dlianb_indent` [ RunTime:0.0000s ]
SQL: SELECT COUNT(*) AS tp_count FROM `dlianb_indent` LIMIT 1   [ RunTime:0.0000s ]
SQL: SELECT * FROM `dlianb_indent` INNER JOIN dlianb_area ON dlianb_indent.qid = dlianb_area.id  ORDER BY dlianb_area.id desc LIMIT 0,1   [ RunTime:0.0000s ]
NOTIC: [8] Undefined index: url D:\wamp\www\dlianb\application\Common\Controller\AppframeController.class.php 第 24 行.
NOTIC: [8] Undefined index: status D:\wamp\www\dlianb\application\Common\Controller\AppframeController.class.php 第 25 行.

[ 2016-04-20T17:15:55+08:00 ] 192.168.1.212 /dlianb/index.php/Tasklist/tlist.html
INFO: [ app_begin ] --START--
INFO: Run Behavior\ReadHtmlCacheBehavior [ RunTime:0.000000s ]
INFO: Run Behavior\CheckLangBehavior [ RunTime:0.000000s ]
INFO: [ app_begin ] --END-- [ RunTime:0.000000s ]
SQL: SHOW COLUMNS FROM `dlianb_indent` [ RunTime:0.0156s ]
SQL: SELECT COUNT(*) AS tp_count FROM `dlianb_indent` LIMIT 1   [ RunTime:0.0000s ]
SQL: SELECT * FROM `dlianb_indent` INNER JOIN dlianb_area ON dlianb_indent.qid = dlianb_area.id  ORDER BY dlianb_area.id desc LIMIT 0,1   [ RunTime:0.0000s ]
NOTIC: [8] Undefined index: url D:\wamp\www\dlianb\application\Common\Controller\AppframeController.class.php 第 24 行.
NOTIC: [8] Undefined index: status D:\wamp\www\dlianb\application\Common\Controller\AppframeController.class.php 第 25 行.

[ 2016-04-20T17:15:56+08:00 ] 192.168.1.212 /dlianb/index.php/Tasklist/tlist.html
INFO: [ app_begin ] --START--
INFO: Run Behavior\ReadHtmlCacheBehavior [ RunTime:0.000000s ]
INFO: Run Behavior\CheckLangBehavior [ RunTime:0.015600s ]
INFO: [ app_begin ] --END-- [ RunTime:0.015600s ]
SQL: SHOW COLUMNS FROM `dlianb_indent` [ RunTime:0.0000s ]
SQL: SELECT COUNT(*) AS tp_count FROM `dlianb_indent` LIMIT 1   [ RunTime:0.0000s ]
SQL: SELECT * FROM `dlianb_indent` INNER JOIN dlianb_area ON dlianb_indent.qid = dlianb_area.id  ORDER BY dlianb_area.id desc LIMIT 0,1   [ RunTime:0.0156s ]
NOTIC: [8] Undefined index: url D:\wamp\www\dlianb\application\Common\Controller\AppframeController.class.php 第 24 行.
NOTIC: [8] Undefined index: status D:\wamp\www\dlianb\application\Common\Controller\AppframeController.class.php 第 25 行.

[ 2016-04-20T17:16:02+08:00 ] 192.168.1.212 /dlianb/index.php/Tasklist/tlist.html
INFO: [ app_begin ] --START--
INFO: Run Behavior\ReadHtmlCacheBehavior [ RunTime:0.000000s ]
INFO: Run Behavior\CheckLangBehavior [ RunTime:0.000000s ]
INFO: [ app_begin ] --END-- [ RunTime:0.000000s ]
SQL: SHOW COLUMNS FROM `dlianb_indent` [ RunTime:0.0000s ]
SQL: SELECT COUNT(*) AS tp_count FROM `dlianb_indent` LIMIT 1   [ RunTime:0.0000s ]
SQL: SELECT * FROM `dlianb_indent` INNER JOIN dlianb_area ON dlianb_indent.qid = dlianb_area.id  ORDER BY dlianb_area.id desc LIMIT 0,1   [ RunTime:0.0000s ]
NOTIC: [8] Undefined index: url D:\wamp\www\dlianb\application\Common\Controller\AppframeController.class.php 第 24 行.
NOTIC: [8] Undefined index: status D:\wamp\www\dlianb\application\Common\Controller\AppframeController.class.php 第 25 行.

[ 2016-04-20T17:16:05+08:00 ] 192.168.1.212 /dlianb/index.php/Tasklist/tlist.html
INFO: [ app_begin ] --START--
INFO: Run Behavior\ReadHtmlCacheBehavior [ RunTime:0.000000s ]
INFO: Run Behavior\CheckLangBehavior [ RunTime:0.000000s ]
INFO: [ app_begin ] --END-- [ RunTime:0.000000s ]
SQL: SHOW COLUMNS FROM `dlianb_indent` [ RunTime:0.0000s ]
SQL: SELECT COUNT(*) AS tp_count FROM `dlianb_indent` LIMIT 1   [ RunTime:0.0000s ]
SQL: SELECT * FROM `dlianb_indent` INNER JOIN dlianb_area ON dlianb_indent.qid = dlianb_area.id  ORDER BY dlianb_area.id desc LIMIT 0,1   [ RunTime:0.0000s ]
NOTIC: [8] Undefined index: url D:\wamp\www\dlianb\application\Common\Controller\AppframeController.class.php 第 24 行.
NOTIC: [8] Undefined index: status D:\wamp\www\dlianb\application\Common\Controller\AppframeController.class.php 第 25 行.

[ 2016-04-20T17:16:06+08:00 ] 192.168.1.212 /dlianb/index.php/Tasklist/tlist.html
INFO: [ app_begin ] --START--
INFO: Run Behavior\ReadHtmlCacheBehavior [ RunTime:0.000000s ]
INFO: Run Behavior\CheckLangBehavior [ RunTime:0.000000s ]
INFO: [ app_begin ] --END-- [ RunTime:0.000000s ]
SQL: SHOW COLUMNS FROM `dlianb_indent` [ RunTime:0.0000s ]
SQL: SELECT COUNT(*) AS tp_count FROM `dlianb_indent` LIMIT 1   [ RunTime:0.0000s ]
SQL: SELECT * FROM `dlianb_indent` INNER JOIN dlianb_area ON dlianb_indent.qid = dlianb_area.id  ORDER BY dlianb_area.id desc LIMIT 0,1   [ RunTime:0.0000s ]
NOTIC: [8] Undefined index: url D:\wamp\www\dlianb\application\Common\Controller\AppframeController.class.php 第 24 行.
NOTIC: [8] Undefined index: status D:\wamp\www\dlianb\application\Common\Controller\AppframeController.class.php 第 25 行.

[ 2016-04-20T17:16:13+08:00 ] 192.168.1.212 /dlianb/index.php/Tasklist/tlist.html
INFO: [ app_begin ] --START--
INFO: Run Behavior\ReadHtmlCacheBehavior [ RunTime:0.000000s ]
INFO: Run Behavior\CheckLangBehavior [ RunTime:0.000000s ]
INFO: [ app_begin ] --END-- [ RunTime:0.000000s ]
SQL: SHOW COLUMNS FROM `dlianb_indent` [ RunTime:0.0000s ]
SQL: SELECT COUNT(*) AS tp_count FROM `dlianb_indent` LIMIT 1   [ RunTime:0.0000s ]
SQL: SELECT * FROM `dlianb_indent` INNER JOIN dlianb_area ON dlianb_indent.qid = dlianb_area.id  ORDER BY dlianb_area.id desc LIMIT 0,1   [ RunTime:0.0000s ]
NOTIC: [8] Undefined index: url D:\wamp\www\dlianb\application\Common\Controller\AppframeController.class.php 第 24 行.
NOTIC: [8] Undefined index: status D:\wamp\www\dlianb\application\Common\Controller\AppframeController.class.php 第 25 行.

[ 2016-04-20T17:16:15+08:00 ] 192.168.1.212 /dlianb/index.php/Tasklist/tlist.html
INFO: [ app_begin ] --START--
INFO: Run Behavior\ReadHtmlCacheBehavior [ RunTime:0.000000s ]
INFO: Run Behavior\CheckLangBehavior [ RunTime:0.000000s ]
INFO: [ app_begin ] --END-- [ RunTime:0.000000s ]
SQL: SHOW COLUMNS FROM `dlianb_indent` [ RunTime:0.0156s ]
SQL: SELECT COUNT(*) AS tp_count FROM `dlianb_indent` LIMIT 1   [ RunTime:0.0000s ]
SQL: SELECT * FROM `dlianb_indent` INNER JOIN dlianb_area ON dlianb_indent.qid = dlianb_area.id  ORDER BY dlianb_area.id desc LIMIT 0,1   [ RunTime:0.0000s ]
NOTIC: [8] Undefined index: url D:\wamp\www\dlianb\application\Common\Controller\AppframeController.class.php 第 24 行.
NOTIC: [8] Undefined index: status D:\wamp\www\dlianb\application\Common\Controller\AppframeController.class.php 第 25 行.

[ 2016-04-20T17:16:16+08:00 ] 192.168.1.212 /dlianb/index.php/Tasklist/tlist.html
INFO: [ app_begin ] --START--
INFO: Run Behavior\ReadHtmlCacheBehavior [ RunTime:0.000000s ]
INFO: Run Behavior\CheckLangBehavior [ RunTime:0.000000s ]
INFO: [ app_begin ] --END-- [ RunTime:0.000000s ]
SQL: SHOW COLUMNS FROM `dlianb_indent` [ RunTime:0.0000s ]
SQL: SELECT COUNT(*) AS tp_count FROM `dlianb_indent` LIMIT 1   [ RunTime:0.0000s ]
SQL: SELECT * FROM `dlianb_indent` INNER JOIN dlianb_area ON dlianb_indent.qid = dlianb_area.id  ORDER BY dlianb_area.id desc LIMIT 0,1   [ RunTime:0.0000s ]
NOTIC: [8] Undefined index: url D:\wamp\www\dlianb\application\Common\Controller\AppframeController.class.php 第 24 行.
NOTIC: [8] Undefined index: status D:\wamp\www\dlianb\application\Common\Controller\AppframeController.class.php 第 25 行.

[ 2016-04-20T17:16:17+08:00 ] 192.168.1.212 /dlianb/index.php/Tasklist/tlist.html
INFO: [ app_begin ] --START--
INFO: Run Behavior\ReadHtmlCacheBehavior [ RunTime:0.000000s ]
INFO: Run Behavior\CheckLangBehavior [ RunTime:0.000000s ]
INFO: [ app_begin ] --END-- [ RunTime:0.000000s ]
SQL: SHOW COLUMNS FROM `dlianb_indent` [ RunTime:0.0156s ]
SQL: SELECT COUNT(*) AS tp_count FROM `dlianb_indent` LIMIT 1   [ RunTime:0.0000s ]
SQL: SELECT * FROM `dlianb_indent` INNER JOIN dlianb_area ON dlianb_indent.qid = dlianb_area.id  ORDER BY dlianb_area.id desc LIMIT 0,1   [ RunTime:0.0000s ]
NOTIC: [8] Undefined index: url D:\wamp\www\dlianb\application\Common\Controller\AppframeController.class.php 第 24 行.
NOTIC: [8] Undefined index: status D:\wamp\www\dlianb\application\Common\Controller\AppframeController.class.php 第 25 行.

[ 2016-04-20T17:16:21+08:00 ] 192.168.1.212 /dlianb/index.php/Tasklist/tlist.html
INFO: [ app_begin ] --START--
INFO: Run Behavior\ReadHtmlCacheBehavior [ RunTime:0.000000s ]
INFO: Run Behavior\CheckLangBehavior [ RunTime:0.000000s ]
INFO: [ app_begin ] --END-- [ RunTime:0.000000s ]
SQL: SHOW COLUMNS FROM `dlianb_indent` [ RunTime:0.0000s ]
SQL: SELECT COUNT(*) AS tp_count FROM `dlianb_indent` LIMIT 1   [ RunTime:0.0000s ]
SQL: SELECT * FROM `dlianb_indent` INNER JOIN dlianb_area ON dlianb_indent.qid = dlianb_area.id  ORDER BY dlianb_area.id desc LIMIT 0,1   [ RunTime:0.0000s ]
NOTIC: [8] Undefined index: url D:\wamp\www\dlianb\application\Common\Controller\AppframeController.class.php 第 24 行.
NOTIC: [8] Undefined index: status D:\wamp\www\dlianb\application\Common\Controller\AppframeController.class.php 第 25 行.

[ 2016-04-20T17:16:23+08:00 ] 192.168.1.212 /dlianb/index.php/Tasklist/tlist.html
INFO: [ app_begin ] --START--
INFO: Run Behavior\ReadHtmlCacheBehavior [ RunTime:0.000000s ]
INFO: Run Behavior\CheckLangBehavior [ RunTime:0.000000s ]
INFO: [ app_begin ] --END-- [ RunTime:0.000000s ]
SQL: SHOW COLUMNS FROM `dlianb_indent` [ RunTime:0.0000s ]
SQL: SELECT COUNT(*) AS tp_count FROM `dlianb_indent` LIMIT 1   [ RunTime:0.0000s ]
SQL: SELECT * FROM `dlianb_indent` INNER JOIN dlianb_area ON dlianb_indent.qid = dlianb_area.id  ORDER BY dlianb_area.id desc LIMIT 0,1   [ RunTime:0.0000s ]
NOTIC: [8] Undefined index: url D:\wamp\www\dlianb\application\Common\Controller\AppframeController.class.php 第 24 行.
NOTIC: [8] Undefined index: status D:\wamp\www\dlianb\application\Common\Controller\AppframeController.class.php 第 25 行.

[ 2016-04-20T17:16:24+08:00 ] 192.168.1.212 /dlianb/index.php/Tasklist/tlist.html
INFO: [ app_begin ] --START--
INFO: Run Behavior\ReadHtmlCacheBehavior [ RunTime:0.000000s ]
INFO: Run Behavior\CheckLangBehavior [ RunTime:0.000000s ]
INFO: [ app_begin ] --END-- [ RunTime:0.000000s ]
SQL: SHOW COLUMNS FROM `dlianb_indent` [ RunTime:0.0000s ]
SQL: SELECT COUNT(*) AS tp_count FROM `dlianb_indent` LIMIT 1   [ RunTime:0.0000s ]
SQL: SELECT * FROM `dlianb_indent` INNER JOIN dlianb_area ON dlianb_indent.qid = dlianb_area.id  ORDER BY dlianb_area.id desc LIMIT 0,1   [ RunTime:0.0000s ]
NOTIC: [8] Undefined index: url D:\wamp\www\dlianb\application\Common\Controller\AppframeController.class.php 第 24 行.
NOTIC: [8] Undefined index: status D:\wamp\www\dlianb\application\Common\Controller\AppframeController.class.php 第 25 行.

[ 2016-04-20T17:16:26+08:00 ] 192.168.1.212 /dlianb/index.php/Tasklist/tlist.html
INFO: [ app_begin ] --START--
INFO: Run Behavior\ReadHtmlCacheBehavior [ RunTime:0.000000s ]
INFO: Run Behavior\CheckLangBehavior [ RunTime:0.015600s ]
INFO: [ app_begin ] --END-- [ RunTime:0.015600s ]
SQL: SHOW COLUMNS FROM `dlianb_indent` [ RunTime:0.0000s ]
SQL: SELECT COUNT(*) AS tp_count FROM `dlianb_indent` LIMIT 1   [ RunTime:0.0000s ]
SQL: SELECT * FROM `dlianb_indent` INNER JOIN dlianb_area ON dlianb_indent.qid = dlianb_area.id  ORDER BY dlianb_area.id desc LIMIT 0,1   [ RunTime:0.0000s ]
NOTIC: [8] Undefined index: url D:\wamp\www\dlianb\application\Common\Controller\AppframeController.class.php 第 24 行.
NOTIC: [8] Undefined index: status D:\wamp\www\dlianb\application\Common\Controller\AppframeController.class.php 第 25 行.

[ 2016-04-20T17:16:27+08:00 ] 192.168.1.212 /dlianb/index.php/Tasklist/tlist.html
INFO: [ app_begin ] --START--
INFO: Run Behavior\ReadHtmlCacheBehavior [ RunTime:0.000000s ]
INFO: Run Behavior\CheckLangBehavior [ RunTime:0.000000s ]
INFO: [ app_begin ] --END-- [ RunTime:0.000000s ]
SQL: SHOW COLUMNS FROM `dlianb_indent` [ RunTime:0.0000s ]
SQL: SELECT COUNT(*) AS tp_count FROM `dlianb_indent` LIMIT 1   [ RunTime:0.0000s ]
SQL: SELECT * FROM `dlianb_indent` INNER JOIN dlianb_area ON dlianb_indent.qid = dlianb_area.id  ORDER BY dlianb_area.id desc LIMIT 0,1   [ RunTime:0.0000s ]
NOTIC: [8] Undefined index: url D:\wamp\www\dlianb\application\Common\Controller\AppframeController.class.php 第 24 行.
NOTIC: [8] Undefined index: status D:\wamp\www\dlianb\application\Common\Controller\AppframeController.class.php 第 25 行.

[ 2016-04-20T17:16:28+08:00 ] 192.168.1.212 /dlianb/index.php/Tasklist/tlist.html
INFO: [ app_begin ] --START--
INFO: Run Behavior\ReadHtmlCacheBehavior [ RunTime:0.000000s ]
INFO: Run Behavior\CheckLangBehavior [ RunTime:0.000000s ]
INFO: [ app_begin ] --END-- [ RunTime:0.000000s ]
SQL: SHOW COLUMNS FROM `dlianb_indent` [ RunTime:0.0000s ]
SQL: SELECT COUNT(*) AS tp_count FROM `dlianb_indent` LIMIT 1   [ RunTime:0.0000s ]
SQL: SELECT * FROM `dlianb_indent` INNER JOIN dlianb_area ON dlianb_indent.qid = dlianb_area.id  ORDER BY dlianb_area.id desc LIMIT 0,1   [ RunTime:0.0000s ]
NOTIC: [8] Undefined index: url D:\wamp\www\dlianb\application\Common\Controller\AppframeController.class.php 第 24 行.
NOTIC: [8] Undefined index: status D:\wamp\www\dlianb\application\Common\Controller\AppframeController.class.php 第 25 行.

[ 2016-04-20T17:16:30+08:00 ] 192.168.1.212 /dlianb/index.php/Tasklist/tlist.html
INFO: [ app_begin ] --START--
INFO: Run Behavior\ReadHtmlCacheBehavior [ RunTime:0.000000s ]
INFO: Run Behavior\CheckLangBehavior [ RunTime:0.000000s ]
INFO: [ app_begin ] --END-- [ RunTime:0.000000s ]
SQL: SHOW COLUMNS FROM `dlianb_indent` [ RunTime:0.0000s ]
SQL: SELECT COUNT(*) AS tp_count FROM `dlianb_indent` LIMIT 1   [ RunTime:0.0000s ]
SQL: SELECT * FROM `dlianb_indent` INNER JOIN dlianb_area ON dlianb_indent.qid = dlianb_area.id  ORDER BY dlianb_area.id desc LIMIT 0,1   [ RunTime:0.0000s ]
NOTIC: [8] Undefined index: url D:\wamp\www\dlianb\application\Common\Controller\AppframeController.class.php 第 24 行.
NOTIC: [8] Undefined index: status D:\wamp\www\dlianb\application\Common\Controller\AppframeController.class.php 第 25 行.

[ 2016-04-20T17:16:31+08:00 ] 192.168.1.212 /dlianb/index.php/Tasklist/tlist.html
INFO: [ app_begin ] --START--
INFO: Run Behavior\ReadHtmlCacheBehavior [ RunTime:0.000000s ]
INFO: Run Behavior\CheckLangBehavior [ RunTime:0.000000s ]
INFO: [ app_begin ] --END-- [ RunTime:0.000000s ]
SQL: SHOW COLUMNS FROM `dlianb_indent` [ RunTime:0.0000s ]
SQL: SELECT COUNT(*) AS tp_count FROM `dlianb_indent` LIMIT 1   [ RunTime:0.0000s ]
SQL: SELECT * FROM `dlianb_indent` INNER JOIN dlianb_area ON dlianb_indent.qid = dlianb_area.id  ORDER BY dlianb_area.id desc LIMIT 0,1   [ RunTime:0.0000s ]
NOTIC: [8] Undefined index: url D:\wamp\www\dlianb\application\Common\Controller\AppframeController.class.php 第 24 行.
NOTIC: [8] Undefined index: status D:\wamp\www\dlianb\application\Common\Controller\AppframeController.class.php 第 25 行.

[ 2016-04-20T17:16:51+08:00 ] 192.168.1.212 /dlianb/index.php/Tasklist/tlist.html
INFO: [ app_begin ] --START--
INFO: Run Behavior\ReadHtmlCacheBehavior [ RunTime:0.000000s ]
INFO: Run Behavior\CheckLangBehavior [ RunTime:0.000000s ]
INFO: [ app_begin ] --END-- [ RunTime:0.000000s ]
SQL: SHOW COLUMNS FROM `dlianb_indent` [ RunTime:0.0000s ]
SQL: SELECT COUNT(*) AS tp_count FROM `dlianb_indent` LIMIT 1   [ RunTime:0.0000s ]
SQL: SELECT * FROM `dlianb_indent` INNER JOIN dlianb_area ON dlianb_indent.qid = dlianb_area.id  ORDER BY dlianb_area.id desc LIMIT 0,1   [ RunTime:0.0000s ]
NOTIC: [8] Undefined index: url D:\wamp\www\dlianb\application\Common\Controller\AppframeController.class.php 第 24 行.
NOTIC: [8] Undefined index: status D:\wamp\www\dlianb\application\Common\Controller\AppframeController.class.php 第 25 行.

[ 2016-04-20T17:28:40+08:00 ] 192.168.1.212 /dlianb/index.php/Tasklist/tlist.html
INFO: [ app_begin ] --START--
INFO: Run Behavior\ReadHtmlCacheBehavior [ RunTime:0.000000s ]
INFO: Run Behavior\CheckLangBehavior [ RunTime:0.000000s ]
INFO: [ app_begin ] --END-- [ RunTime:0.000000s ]
SQL: SHOW COLUMNS FROM `dlianb_indent` [ RunTime:0.0000s ]
SQL: SELECT COUNT(*) AS tp_count FROM `dlianb_indent` LIMIT 1   [ RunTime:0.0000s ]
SQL: SELECT * FROM `dlianb_indent` INNER JOIN dlianb_area ON dlianb_indent.qid = dlianb_area.id  ORDER BY dlianb_area.id desc LIMIT 0,1   [ RunTime:0.0000s ]
NOTIC: [8] Undefined index: url D:\wamp\www\dlianb\application\Common\Controller\AppframeController.class.php 第 24 行.
NOTIC: [8] Undefined index: status D:\wamp\www\dlianb\application\Common\Controller\AppframeController.class.php 第 25 行.

