[ 2016-04-22T17:02:08+08:00 ] 127.0.0.1 /dlianb/index.php/Tasklist/tlist.html
INFO: [ app_begin ] --START--
INFO: Run Behavior\ReadHtmlCacheBehavior [ RunTime:0.001000s ]
INFO: Run Behavior\CheckLangBehavior [ RunTime:0.002000s ]
INFO: [ app_begin ] --END-- [ RunTime:0.004000s ]
SQL: SHOW COLUMNS FROM `dlianb_indent` [ RunTime:0.0040s ]
SQL: SELECT COUNT(*) AS tp_count FROM `dlianb_indent` LIMIT 1   [ RunTime:0.0000s ]
SQL: SELECT * FROM `dlianb_indent` INNER JOIN dlianb_area ON dlianb_indent.qid = dlianb_area.id  ORDER BY dlianb_area.id desc LIMIT 0,1   [ RunTime:0.0040s ]
NOTIC: [8] Undefined index: url D:\wamp\www\dlianb\application\Common\Controller\AppframeController.class.php 第 24 行.
NOTIC: [8] Undefined index: status D:\wamp\www\dlianb\application\Common\Controller\AppframeController.class.php 第 25 行.

[ 2016-04-22T17:02:10+08:00 ] 127.0.0.1 /dlianb/index.php/Tasklist/tlist.html
INFO: [ app_begin ] --START--
INFO: Run Behavior\ReadHtmlCacheBehavior [ RunTime:0.001000s ]
INFO: Run Behavior\CheckLangBehavior [ RunTime:0.002000s ]
INFO: [ app_begin ] --END-- [ RunTime:0.004000s ]
SQL: SHOW COLUMNS FROM `dlianb_indent` [ RunTime:0.0040s ]
SQL: SELECT COUNT(*) AS tp_count FROM `dlianb_indent` LIMIT 1   [ RunTime:0.0000s ]
SQL: SELECT * FROM `dlianb_indent` INNER JOIN dlianb_area ON dlianb_indent.qid = dlianb_area.id  ORDER BY dlianb_area.id desc LIMIT 0,1   [ RunTime:0.0030s ]
NOTIC: [8] Undefined index: url D:\wamp\www\dlianb\application\Common\Controller\AppframeController.class.php 第 24 行.
NOTIC: [8] Undefined index: status D:\wamp\www\dlianb\application\Common\Controller\AppframeController.class.php 第 25 行.

[ 2016-04-22T17:02:11+08:00 ] 127.0.0.1 /dlianb/index.php/Tasklist/tlist.html
INFO: [ app_begin ] --START--
INFO: Run Behavior\ReadHtmlCacheBehavior [ RunTime:0.001000s ]
INFO: Run Behavior\CheckLangBehavior [ RunTime:0.001000s ]
INFO: [ app_begin ] --END-- [ RunTime:0.002000s ]
SQL: SHOW COLUMNS FROM `dlianb_indent` [ RunTime:0.0040s ]
SQL: SELECT COUNT(*) AS tp_count FROM `dlianb_indent` LIMIT 1   [ RunTime:0.0000s ]
SQL: SELECT * FROM `dlianb_indent` INNER JOIN dlianb_area ON dlianb_indent.qid = dlianb_area.id  ORDER BY dlianb_area.id desc LIMIT 0,1   [ RunTime:0.0040s ]
NOTIC: [8] Undefined index: url D:\wamp\www\dlianb\application\Common\Controller\AppframeController.class.php 第 24 行.
NOTIC: [8] Undefined index: status D:\wamp\www\dlianb\application\Common\Controller\AppframeController.class.php 第 25 行.

[ 2016-04-22T17:02:15+08:00 ] 127.0.0.1 /dlianb/index.php/Tasklist/tlist.html
INFO: [ app_begin ] --START--
INFO: Run Behavior\ReadHtmlCacheBehavior [ RunTime:0.001000s ]
INFO: Run Behavior\CheckLangBehavior [ RunTime:0.001000s ]
INFO: [ app_begin ] --END-- [ RunTime:0.002000s ]
SQL: SHOW COLUMNS FROM `dlianb_indent` [ RunTime:0.0020s ]
SQL: SELECT COUNT(*) AS tp_count FROM `dlianb_indent` LIMIT 1   [ RunTime:0.0000s ]
SQL: SELECT * FROM `dlianb_indent` INNER JOIN dlianb_area ON dlianb_indent.qid = dlianb_area.id  ORDER BY dlianb_area.id desc LIMIT 0,1   [ RunTime:0.0030s ]
NOTIC: [8] Undefined index: url D:\wamp\www\dlianb\application\Common\Controller\AppframeController.class.php 第 24 行.
NOTIC: [8] Undefined index: status D:\wamp\www\dlianb\application\Common\Controller\AppframeController.class.php 第 25 行.

[ 2016-04-22T17:02:15+08:00 ] 127.0.0.1 /dlianb/index.php/Tasklist/tlist.html
INFO: [ app_begin ] --START--
INFO: Run Behavior\ReadHtmlCacheBehavior [ RunTime:0.001000s ]
INFO: Run Behavior\CheckLangBehavior [ RunTime:0.002000s ]
INFO: [ app_begin ] --END-- [ RunTime:0.004000s ]
SQL: SHOW COLUMNS FROM `dlianb_indent` [ RunTime:0.0040s ]
SQL: SELECT COUNT(*) AS tp_count FROM `dlianb_indent` LIMIT 1   [ RunTime:0.0000s ]
SQL: SELECT * FROM `dlianb_indent` INNER JOIN dlianb_area ON dlianb_indent.qid = dlianb_area.id  ORDER BY dlianb_area.id desc LIMIT 0,1   [ RunTime:0.0040s ]
NOTIC: [8] Undefined index: url D:\wamp\www\dlianb\application\Common\Controller\AppframeController.class.php 第 24 行.
NOTIC: [8] Undefined index: status D:\wamp\www\dlianb\application\Common\Controller\AppframeController.class.php 第 25 行.

[ 2016-04-22T17:02:17+08:00 ] 127.0.0.1 /dlianb/index.php/Tasklist/tlist.html
INFO: [ app_begin ] --START--
INFO: Run Behavior\ReadHtmlCacheBehavior [ RunTime:0.001000s ]
INFO: Run Behavior\CheckLangBehavior [ RunTime:0.002000s ]
INFO: [ app_begin ] --END-- [ RunTime:0.004000s ]
SQL: SHOW COLUMNS FROM `dlianb_indent` [ RunTime:0.0030s ]
SQL: SELECT COUNT(*) AS tp_count FROM `dlianb_indent` LIMIT 1   [ RunTime:0.0000s ]
SQL: SELECT * FROM `dlianb_indent` INNER JOIN dlianb_area ON dlianb_indent.qid = dlianb_area.id  ORDER BY dlianb_area.id desc LIMIT 0,1   [ RunTime:0.0030s ]
NOTIC: [8] Undefined index: url D:\wamp\www\dlianb\application\Common\Controller\AppframeController.class.php 第 24 行.
NOTIC: [8] Undefined index: status D:\wamp\www\dlianb\application\Common\Controller\AppframeController.class.php 第 25 行.

[ 2016-04-22T17:02:18+08:00 ] 127.0.0.1 /dlianb/index.php/Tasklist/tlist.html
INFO: [ app_begin ] --START--
INFO: Run Behavior\ReadHtmlCacheBehavior [ RunTime:0.001000s ]
INFO: Run Behavior\CheckLangBehavior [ RunTime:0.001000s ]
INFO: [ app_begin ] --END-- [ RunTime:0.004000s ]
SQL: SHOW COLUMNS FROM `dlianb_indent` [ RunTime:0.0050s ]
SQL: SELECT COUNT(*) AS tp_count FROM `dlianb_indent` LIMIT 1   [ RunTime:0.0010s ]
SQL: SELECT * FROM `dlianb_indent` INNER JOIN dlianb_area ON dlianb_indent.qid = dlianb_area.id  ORDER BY dlianb_area.id desc LIMIT 0,1   [ RunTime:0.0050s ]
NOTIC: [8] Undefined index: url D:\wamp\www\dlianb\application\Common\Controller\AppframeController.class.php 第 24 行.
NOTIC: [8] Undefined index: status D:\wamp\www\dlianb\application\Common\Controller\AppframeController.class.php 第 25 行.

[ 2016-04-22T17:02:19+08:00 ] 127.0.0.1 /dlianb/index.php/Tasklist/tlist.html
INFO: [ app_begin ] --START--
INFO: Run Behavior\ReadHtmlCacheBehavior [ RunTime:0.001000s ]
INFO: Run Behavior\CheckLangBehavior [ RunTime:0.001000s ]
INFO: [ app_begin ] --END-- [ RunTime:0.003000s ]
SQL: SHOW COLUMNS FROM `dlianb_indent` [ RunTime:0.0030s ]
SQL: SELECT COUNT(*) AS tp_count FROM `dlianb_indent` LIMIT 1   [ RunTime:0.0000s ]
SQL: SELECT * FROM `dlianb_indent` INNER JOIN dlianb_area ON dlianb_indent.qid = dlianb_area.id  ORDER BY dlianb_area.id desc LIMIT 0,1   [ RunTime:0.0030s ]
NOTIC: [8] Undefined index: url D:\wamp\www\dlianb\application\Common\Controller\AppframeController.class.php 第 24 行.
NOTIC: [8] Undefined index: status D:\wamp\www\dlianb\application\Common\Controller\AppframeController.class.php 第 25 行.

[ 2016-04-22T17:02:19+08:00 ] 127.0.0.1 /dlianb/index.php/Tasklist/tlist.html
INFO: [ app_begin ] --START--
INFO: Run Behavior\ReadHtmlCacheBehavior [ RunTime:0.000000s ]
INFO: Run Behavior\CheckLangBehavior [ RunTime:0.002000s ]
INFO: [ app_begin ] --END-- [ RunTime:0.003000s ]
SQL: SHOW COLUMNS FROM `dlianb_indent` [ RunTime:0.0040s ]
SQL: SELECT COUNT(*) AS tp_count FROM `dlianb_indent` LIMIT 1   [ RunTime:0.0000s ]
SQL: SELECT * FROM `dlianb_indent` INNER JOIN dlianb_area ON dlianb_indent.qid = dlianb_area.id  ORDER BY dlianb_area.id desc LIMIT 0,1   [ RunTime:0.0040s ]
NOTIC: [8] Undefined index: url D:\wamp\www\dlianb\application\Common\Controller\AppframeController.class.php 第 24 行.
NOTIC: [8] Undefined index: status D:\wamp\www\dlianb\application\Common\Controller\AppframeController.class.php 第 25 行.

[ 2016-04-22T17:02:23+08:00 ] 127.0.0.1 /dlianb/index.php/Tasklist/tlist.html
INFO: [ app_begin ] --START--
INFO: Run Behavior\ReadHtmlCacheBehavior [ RunTime:0.001000s ]
INFO: Run Behavior\CheckLangBehavior [ RunTime:0.002000s ]
INFO: [ app_begin ] --END-- [ RunTime:0.004000s ]
SQL: SHOW COLUMNS FROM `dlianb_indent` [ RunTime:0.0040s ]
SQL: SELECT COUNT(*) AS tp_count FROM `dlianb_indent` LIMIT 1   [ RunTime:0.0000s ]
SQL: SELECT * FROM `dlianb_indent` INNER JOIN dlianb_area ON dlianb_indent.qid = dlianb_area.id  ORDER BY dlianb_area.id desc LIMIT 0,1   [ RunTime:0.0040s ]
NOTIC: [8] Undefined index: url D:\wamp\www\dlianb\application\Common\Controller\AppframeController.class.php 第 24 行.
NOTIC: [8] Undefined index: status D:\wamp\www\dlianb\application\Common\Controller\AppframeController.class.php 第 25 行.

[ 2016-04-22T17:02:24+08:00 ] 127.0.0.1 /dlianb/index.php/Tasklist/tlist.html
INFO: [ app_begin ] --START--
INFO: Run Behavior\ReadHtmlCacheBehavior [ RunTime:0.000000s ]
INFO: Run Behavior\CheckLangBehavior [ RunTime:0.001000s ]
INFO: [ app_begin ] --END-- [ RunTime:0.003000s ]
SQL: SHOW COLUMNS FROM `dlianb_indent` [ RunTime:0.0030s ]
SQL: SELECT COUNT(*) AS tp_count FROM `dlianb_indent` LIMIT 1   [ RunTime:0.0000s ]
SQL: SELECT * FROM `dlianb_indent` INNER JOIN dlianb_area ON dlianb_indent.qid = dlianb_area.id  ORDER BY dlianb_area.id desc LIMIT 0,1   [ RunTime:0.0030s ]
NOTIC: [8] Undefined index: url D:\wamp\www\dlianb\application\Common\Controller\AppframeController.class.php 第 24 行.
NOTIC: [8] Undefined index: status D:\wamp\www\dlianb\application\Common\Controller\AppframeController.class.php 第 25 行.

[ 2016-04-22T17:02:30+08:00 ] 127.0.0.1 /dlianb/index.php/Tasklist/tlist.html
INFO: [ app_begin ] --START--
INFO: Run Behavior\ReadHtmlCacheBehavior [ RunTime:0.000000s ]
INFO: Run Behavior\CheckLangBehavior [ RunTime:0.001000s ]
INFO: [ app_begin ] --END-- [ RunTime:0.002000s ]
SQL: SHOW COLUMNS FROM `dlianb_indent` [ RunTime:0.0030s ]
SQL: SELECT COUNT(*) AS tp_count FROM `dlianb_indent` LIMIT 1   [ RunTime:0.0010s ]
SQL: SELECT * FROM `dlianb_indent` INNER JOIN dlianb_area ON dlianb_indent.qid = dlianb_area.id  ORDER BY dlianb_area.id desc LIMIT 0,1   [ RunTime:0.0030s ]
NOTIC: [8] Undefined index: url D:\wamp\www\dlianb\application\Common\Controller\AppframeController.class.php 第 24 行.
NOTIC: [8] Undefined index: status D:\wamp\www\dlianb\application\Common\Controller\AppframeController.class.php 第 25 行.

[ 2016-04-22T17:02:35+08:00 ] 127.0.0.1 /dlianb/index.php/Tasklist/tlist.html
INFO: [ app_begin ] --START--
INFO: Run Behavior\ReadHtmlCacheBehavior [ RunTime:0.001000s ]
INFO: Run Behavior\CheckLangBehavior [ RunTime:0.002000s ]
INFO: [ app_begin ] --END-- [ RunTime:0.004000s ]
SQL: SHOW COLUMNS FROM `dlianb_indent` [ RunTime:0.0040s ]
SQL: SELECT COUNT(*) AS tp_count FROM `dlianb_indent` LIMIT 1   [ RunTime:0.0000s ]
SQL: SELECT * FROM `dlianb_indent` INNER JOIN dlianb_area ON dlianb_indent.qid = dlianb_area.id  ORDER BY dlianb_area.id desc LIMIT 0,1   [ RunTime:0.0030s ]
NOTIC: [8] Undefined index: url D:\wamp\www\dlianb\application\Common\Controller\AppframeController.class.php 第 24 行.
NOTIC: [8] Undefined index: status D:\wamp\www\dlianb\application\Common\Controller\AppframeController.class.php 第 25 行.

