[ 2016-04-11T14:01:53+08:00 ] ::1 /dlianb/index.php/News/index/id/2.html
ERR: 无法加载控制器:News

[ 2016-04-11T15:14:21+08:00 ] ::1 /dlianb/index.php/Tasklist/index.html
ERR: XML标签语法错误 : condition='$v['id']/2'

[ 2016-04-11T15:16:52+08:00 ] ::1 /dlianb/index.php/area/list/id/2.html
ERR: 无法加载控制器:Area

[ 2016-04-11T15:29:39+08:00 ] ::1 /dlianb/index.php/Tasklist/index.html
ERR: 1064:Erreur de syntaxe près de 'dese LIMIT 10' à la ligne 1
 [ SQL语句 ] : SELECT * FROM `dlianb_indent` INNER JOIN dlianb_users ON dlianb_indext.uid = dlianb_users.id  ORDER BY id dese LIMIT 10  

[ 2016-04-11T15:30:39+08:00 ] ::1 /dlianb/index.php/Tasklist/index.html
ERR: 1054:Champ 'dlianb_indext.uid' inconnu dans on clause
 [ SQL语句 ] : SELECT * FROM `dlianb_indent` INNER JOIN dlianb_users ON dlianb_indext.uid = dlianb_users.id  LIMIT 10  

[ 2016-04-11T15:33:10+08:00 ] ::1 /dlianb/index.php/Tasklist/index.html
ERR: 1054:Champ 'dlianb_indext.uid' inconnu dans on clause
 [ SQL语句 ] : SELECT * FROM `dlianb_indent` INNER JOIN dlianb_users ON dlianb_indext.uid=dlianb_users.id  LIMIT 10  

[ 2016-04-11T15:35:56+08:00 ] ::1 /dlianb/index.php/Tasklist/index.html
ERR: 1054:Champ 'dlianb_indext.uid' inconnu dans on clause
 [ SQL语句 ] : SELECT * FROM `dlianb_indent` INNER JOIN dlianb_users ON dlianb_indext.uid=dlianb_users.id  LIMIT 10  

[ 2016-04-11T15:37:45+08:00 ] ::1 /dlianb/index.php/Tasklist/index.html
ERR: 1054:Champ 'dlianb_indext.uid' inconnu dans on clause
 [ SQL语句 ] : SELECT * FROM `dlianb_indent` INNER JOIN dlianb_users ON dlianb_indext.uid=dlianb_users.id  LIMIT 10  

[ 2016-04-11T15:39:28+08:00 ] ::1 /dlianb/index.php/Tasklist/index.html
ERR: 1054:Champ 'dlianb_indext.uid' inconnu dans on clause
 [ SQL语句 ] : SELECT * FROM `dlianb_indent` INNER JOIN dlianb_users ON dlianb_indext.uid=dlianb_users.id  LIMIT 10  

[ 2016-04-11T15:43:02+08:00 ] ::1 /dlianb/index.php/Tasklist/index.html
ERR: 1052:Champ: 'id' dans order clause est ambigu
 [ SQL语句 ] : SELECT * FROM `dlianb_indent` INNER JOIN dlianb_users ON dlianb_indent.uid = dlianb_users.id  ORDER BY id desc LIMIT 10  

[ 2016-04-11T15:49:02+08:00 ] ::1 /dlianb/index.php/Tasklist/index.html
ERR: 1052:Champ: 'id' dans order clause est ambigu
 [ SQL语句 ] : SELECT * FROM `dlianb_users` INNER JOIN dlianb_indent ON dlianb_users.id = dlianb_indent.uid  ORDER BY id desc LIMIT 10  

[ 2016-04-11T15:50:27+08:00 ] ::1 /dlianb/index.php/Tasklist/index.html
ERR: 1054:Champ 'users.id' inconnu dans order clause
 [ SQL语句 ] : SELECT * FROM `dlianb_users` INNER JOIN dlianb_indent ON dlianb_users.id = dlianb_indent.uid  ORDER BY users.id desc LIMIT 10  

[ 2016-04-11T15:50:46+08:00 ] ::1 /dlianb/index.php/Tasklist/index.html
ERR: 1054:Champ 'dlinab_users.id' inconnu dans order clause
 [ SQL语句 ] : SELECT * FROM `dlianb_users` INNER JOIN dlianb_indent ON dlianb_users.id = dlianb_indent.uid  ORDER BY dlinab_users.id desc LIMIT 10  

[ 2016-04-11T15:57:23+08:00 ] ::1 /dlianb/index.php/Tasklist/index.html
ERR: 1052:Champ: 'id' dans field list est ambigu
 [ SQL语句 ] : SELECT `id`,`user_pass`,`user_nicename`,`user_email`,`user_url`,`avatar`,`sex`,`birthday`,`signature`,`last_login_ip`,`last_login_time`,`create_time`,`user_activation_key`,`user_status`,`score`,`user_type`,`coin`,`mobile` FROM `dlianb_users` INNER JOIN dlianb_indent ON dlianb_users.id = dlianb_indent.uid  LIMIT 10  

